0
0
-7
-12
-13
-15
-16
-10
0
-6
-6
0
7
14
23
33
36
35
29
23
31
32
36
37
28
19
15
13
4
14
13
13
12
15
18
24
33
43
42
50
43
53
54
44
50
50
58
54
61
52
52
54
55
47
37
37
28
25
33
24
20
14
15
19
26
20
19
22
13
22
22
17
23
33
26
25
24
33
38
31
39
31
36
34
28
32
40
34
24
27
22
16
24
28
36
38
44
39
34
42
35
38
30
37
39
32
27
36
27
37
28
37
28
33
30
24
20
12
10
6
12
15
13
14
8
4
-6
-16
-15
-22
-14
-12
-5
3
1
-3
-13
-12
-19
-9
-9
-17
-9
-8
-3
-11
-6
-16
-21
-29
-35
-26
-23
-20
-21
-13
-6
-7
-1
-4
-3
0
7
4
2
-6
-5
-9
-6
-4
-9
-17
-12
-20
-19
-20
-25
-31
-31
-33
-39
-35
-39
-31
-37
-34
-31
-41
-31
-33
-38
-38
-29
-19
-12
-16
-25
-29
-29
-27
-19
-14
-12
-12
-5
-12
-2
8
5
2
-1
0
9
12
8
1
-4
5
-4
-9
-15
-18
-15
-25
-31
-31
-35
-39
-35
-31
-25
-26
-28
-30
-20
-25
-26
-17
-25
-19
-26
-26
-32
-41
-51
-52
-60
-66
-71
-77
-80
-80
-81
-71
-71
-68
-71
-66
-59
-50
-52
-49
-51
-46
-37
-42
-34
-37
-46
-36
-46
-52
-55
-63
-68
-72
-71
-75
-75
-68
-68
-63
-69
-62
-60
-58
-59
-51
-55
-61
-55
-52
-45
-54
-57
-54
-58
-64
-54
-57
-66
-56
-55
-56
-65
-60
-55
-52
-62
-70
-73
-75
-70
-69
-75
-79
-87
-86
-93
-96
-91
-83
-75
-76
-67
-75
-84
-89
-95
-86
-84
-89
-81
-90
-88
-80
-74
-80
-82
-78
-82
-77
-67
-77
-84
-91
-96
-103
-101
-105
-105
-110
-117
-122
-120
-128
-131
-129
-132
-131
-131
-124
-119
-123
-115
-119
-126
-123
-122
-123
-129
-124
-131
-138
-134
-140
-146
-139
-142
-135
-143
-137
-127
-131
-141
-140
-142
-146
-154
-151
-146
-145
-146
-149
-142
-145
-141
-133
-125
-133
-137
-147
-142
-143
-150
-152
-151
-155
-161
-153
-163
-166
-163
-153
-152
-150
-150
-143
-137
-136
-137
-137
-146
-138
-130
-122
-130
-131
-126
-117
-116
-126
-119
-124
-127
-117
-115
-109
-116
-112
-109
-116
-107
-113
-121
-122
-118
-117
-122
-123
-132
-128
-119
-129
-129
-125
-119
-119
-127
-129
-133
-132
-136
-144
-139
-136
-146
-150
-154
-161
-151
-142
-145
-136
-146
-147
-152
-148
-140
-139
-147
-140
-148
-138
-131
-131
-128
-126
-136
-130
-120
-126
-130
-135
-138
-129
-123
-126
-132
-141
-143
-151
-142
-137
-128
-119
-127
-134
-133
-123
-121
-120
-113
-108
-108
-105
-113
-120
-127
-135
-128
-138
-143
-153
-157
-155
-145
-135
-128
-137
-146
-152
-159
-151
-141
-131
-127
-117
-126
-132
-123
-120
-114
-109
-114
-121
-125
-127
-133
-136
-138
-148
-151
-148
-138
-137
-145
-136
-135
-126
-116
-116
-125
-134
-137
-128
-138
-129
-121
-130
-137
-131
-128
-121
-122
-114
-106
-103
-110
-118
-108
-106
-116
-122
-130
-120
-114
-119
-111
-115
-124
-118
-114
-122
-115
-106
-116
-111
-104
-96
-91
-83
-81
-84
-80
-90
-98
-98
-97
-103
-101
-101
-95
-93
-91
-85
-83
-86
-96
-99
-98
-106
-114
-120
-128
-121
-129
-136
-134
-126
-136
-140
-135
-135
-134
-137
-137
-136
-129
-139
-134
-136
-138
-140
-132
-142
-148
-149
-154
-162
-157
-150
-156
-149
-140
-145
-141
-131
-133
-140
-133
-137
-140
-139
-132
-124
-116
-122
-124
-120
-125
-134
-124
-123
-124
-116
-117
-114
-120
-115
-109
-100
-101
-93
-89
-94
-102
-107
-113
-115
-117
-108
-105
-100
-100
-101
-101
-106
-105
-99
-91
-87
-80
-73
-78
-82
-80
-76
-67
-60
-64
-62
-59
-54
-56
-60
-70
-70
-69
-75
-68
-61
-70
-71
-72
-71
-65
-56
-52
-56
-51
-50
-60
-59
-63
-70
-65
-57
-50
-48
-46
-53
-60
-65
-59
-58
-59
-53
-43
-34
-25
-21
-18
-8
-16
-24
-26
-20
-11
-20
-29
-26
-25
-15
-23
-16
-24
-19
-17
-9
-13
-21
-12
-14
-19
-15
-8
-6
-8
-4
-4
-10
-13
-20
-29
-32
-37
-38
-46
-55
-57
-65
-60
-51
-60
-55
-52
-60
-63
-70
-60
-56
-63
-57
-66
-68
-69
-61
-51
-46
-46
-48
-39
-32
-31
-21
-27
-23
-27
-31
-26
-21
-25
-28
-27
-29
-19
-27
-29
-32
-39
-44
-35
-39
-49
-41
-39
-42
-39
-40
-48
-56
-49
-40
-30
-35
-28
-37
-30
-38
-43
-43
-38
-36
-29
-35
-27
-22
-28
-33
-23
-28
-28
-22
-23
-23
-20
-30
-25
-30
-33
-26
-28
-34
-30
-35
-38
-38
-42
-48
-48
-49
-45
-52
-62
-64
-69
-61
-71
-72
-82
-72
-70
-72
-67
-77
-69
-74
-65
-62
-61
-66
-69
-62
-65
-56
-46
-41
-45
-52
-43
-36
-34
-34
-26
-25
-17
-25
-29
-20
-21
-24
-18
-28
-23
-24
-15
-14
-10
-5
-14
-22
-12
-16
-9
-14
-19
-13
-5
-6
1
5
-2
-3
-10
-20
-12
-22
-32
-39
-32
-33
-35
-34
-37
-46
-36
-43
-43
-42
-34
-33
-31
-25
-20
-22
-32
-24
-32
-26
-29
-22
-23
-23
-30
-28
-27
-37
-37
-38
-46
-49
-40
-40
-32
-39
-38
-33
-36
-46
-51
-57
-58
-51
-43
-49
-56
-48
-38
-45
-42
-46
-36
-26
-21
-28
-27
-32
-39
-48
-44
-51
-55
-55
-51
-58
-54
-62
-54
-45
-54
-64
-74
-76
